c:\users\pixir\desktop\college stuff\gamesengineering2\game_engineering_project_02(command)\x64\debug\vc141.pdb
c:\users\pixir\desktop\college stuff\gamesengineering2\game_engineering_project_02(command)\x64\debug\vc141.idb
c:\users\pixir\desktop\college stuff\gamesengineering2\game_engineering_project_02(command)\x64\debug\inputhandler.obj
c:\users\pixir\desktop\college stuff\gamesengineering2\game_engineering_project_02(command)\x64\debug\macrocommand.obj
c:\users\pixir\desktop\college stuff\gamesengineering2\game_engineering_project_02(command)\x64\debug\main.obj
c:\users\pixir\desktop\college stuff\gamesengineering2\game_engineering_project_03(finitestatemachine)\x64\debug\vc141.pdb
c:\users\pixir\desktop\college stuff\gamesengineering2\game_engineering_project_03(finitestatemachine)\x64\debug\vc141.idb
c:\users\pixir\desktop\college stuff\gamesengineering2\game_engineering_project_03(finitestatemachine)\x64\debug\inputhandler.obj
c:\users\pixir\desktop\college stuff\gamesengineering2\game_engineering_project_03(finitestatemachine)\x64\debug\macrocommand.obj
c:\users\pixir\desktop\college stuff\gamesengineering2\game_engineering_project_03(finitestatemachine)\x64\debug\main.obj
c:\users\pixir\desktop\college stuff\gamesengineering2\game_engineering_project_03(finitestatemachine)\x64\debug\animation.obj
c:\users\pixir\desktop\college stuff\gamesengineering2\game_engineering_project_03(finitestatemachine)\x64\debug\climb.obj
c:\users\pixir\desktop\college stuff\gamesengineering2\game_engineering_project_03(finitestatemachine)\x64\debug\jump.obj
c:\users\pixir\desktop\college stuff\gamesengineering2\game_engineering_project_04(ecm)\x64\debug\vc141.pdb
c:\users\pixir\desktop\college stuff\gamesengineering2\game_engineering_project_04(ecm)\x64\debug\vc141.idb
c:\users\pixir\desktop\college stuff\gamesengineering2\game_engineering_project_04(ecm)\x64\debug\inputhandler.obj
c:\users\pixir\desktop\college stuff\gamesengineering2\game_engineering_project_04(ecm)\x64\debug\macrocommand.obj
c:\users\pixir\desktop\college stuff\gamesengineering2\game_engineering_project_04(ecm)\x64\debug\main.obj
c:\users\pixir\desktop\college stuff\gamesengineering2\game_engineering_project_02(command)\x64\debug\game_engineering_project.exe
c:\users\pixir\desktop\college stuff\gamesengineering2\game_engineering_project_02(command)\x64\debug\game_engineering_project.ilk
c:\users\pixir\desktop\college stuff\gamesengineering2\game_engineering_project_02(command)\x64\debug\game_engineering_project.pdb
c:\users\pixir\desktop\college stuff\gamesengineering2\game_engineering_project_03(finitestatemachine)\x64\debug\game_engineering_project.exe
c:\users\pixir\desktop\college stuff\gamesengineering2\game_engineering_project_03(finitestatemachine)\x64\debug\game_engineering_project.ilk
c:\users\pixir\desktop\college stuff\gamesengineering2\game_engineering_project_03(finitestatemachine)\x64\debug\game_engineering_project.pdb
c:\users\pixir\desktop\college stuff\gamesengineering2\game_engineering_project_04(ecm)\x64\debug\game_engineering_project.exe
c:\users\pixir\desktop\college stuff\gamesengineering2\game_engineering_project_04(ecm)\x64\debug\game_engineering_project.ilk
c:\users\pixir\desktop\college stuff\gamesengineering2\game_engineering_project_04(ecm)\x64\debug\game_engineering_project.pdb
c:\users\pixir\desktop\college stuff\gamesengineering2\game_engineering_project_04(ecm)\x64\debug\animation.obj
c:\users\pixir\desktop\college stuff\gamesengineering2\game_engineering_project_04(ecm)\x64\debug\climb.obj
c:\users\pixir\desktop\college stuff\gamesengineering2\game_engineering_project_04(ecm)\x64\debug\jump.obj
c:\users\pixir\desktop\college stuff\gamesengineering2\game_engineering_project_04(ecm)\x64\debug\game_eng.00c3324a.tlog\cl.command.1.tlog
c:\users\pixir\desktop\college stuff\gamesengineering2\game_engineering_project_04(ecm)\x64\debug\game_eng.00c3324a.tlog\cl.read.1.tlog
c:\users\pixir\desktop\college stuff\gamesengineering2\game_engineering_project_04(ecm)\x64\debug\game_eng.00c3324a.tlog\cl.write.1.tlog
c:\users\pixir\desktop\college stuff\gamesengineering2\game_engineering_project_04(ecm)\x64\debug\game_eng.00c3324a.tlog\link.command.1.tlog
c:\users\pixir\desktop\college stuff\gamesengineering2\game_engineering_project_04(ecm)\x64\debug\game_eng.00c3324a.tlog\link.read.1.tlog
c:\users\pixir\desktop\college stuff\gamesengineering2\game_engineering_project_04(ecm)\x64\debug\game_eng.00c3324a.tlog\link.write.1.tlog
