c:\users\pixir\desktop\college stuff\gamesengineering2\game_engineering_project_04(ecm)\x64\debug\vc141.pdb
c:\users\pixir\desktop\college stuff\gamesengineering2\game_engineering_project_04(ecm)\x64\debug\vc141.idb
c:\users\pixir\desktop\college stuff\gamesengineering2\game_engineering_project_04(ecm)\x64\debug\inputhandler.obj
c:\users\pixir\desktop\college stuff\gamesengineering2\game_engineering_project_04(ecm)\x64\debug\main.obj
c:\users\pixir\desktop\college stuff\gamesengineering2\game_engineering_project_04(ecm)\x64\debug\entity.obj
c:\users\pixir\desktop\college stuff\gamesengineering2\game_engineering_project_04(ecm)\x64\debug\healthcomponent.obj
c:\users\pixir\desktop\college stuff\gamesengineering2\game_engineering_project_04(ecm)\x64\debug\healthsystem.obj
c:\users\pixir\desktop\college stuff\gamesengineering2\game_engineering_project_04(ecm)\x64\debug\aisystem.obj
c:\users\pixir\desktop\college stuff\gamesengineering2\game_engineering_project_04(ecm)\x64\debug\controlcomponent.obj
c:\users\pixir\desktop\college stuff\gamesengineering2\game_engineering_project_04(ecm)\x64\debug\rendersystem.obj
c:\users\pixir\desktop\college stuff\gamesengineering2\game_engineering_project_04(ecm)\x64\debug\controlsystem.obj
c:\users\pixir\desktop\college stuff\gamesengineering2\game_engineering_project_05(utest)\x64\debug\vc141.pdb
c:\users\pixir\desktop\college stuff\gamesengineering2\game_engineering_project_05(utest)\x64\debug\vc141.idb
c:\users\pixir\desktop\college stuff\gamesengineering2\game_engineering_project_05(utest)\x64\debug\controlcomponent.obj
c:\users\pixir\desktop\college stuff\gamesengineering2\game_engineering_project_05(utest)\x64\debug\controlsystem.obj
c:\users\pixir\desktop\college stuff\gamesengineering2\game_engineering_project_05(utest)\x64\debug\entity.obj
c:\users\pixir\desktop\college stuff\gamesengineering2\game_engineering_project_05(utest)\x64\debug\aisystem.obj
c:\users\pixir\desktop\college stuff\gamesengineering2\game_engineering_project_05(utest)\x64\debug\inputhandler.obj
c:\users\pixir\desktop\college stuff\gamesengineering2\game_engineering_project_05(utest)\x64\debug\main.obj
c:\users\pixir\desktop\college stuff\gamesengineering2\game_engineering_project_05(utest)\x64\debug\rendersystem.obj
c:\users\pixir\desktop\college stuff\gamesengineering2\game_engineering_project_06(processes)\command\x64\debug\vc141.pdb
c:\users\pixir\desktop\college stuff\gamesengineering2\game_engineering_project_06(processes)\command\x64\debug\vc141.idb
c:\users\pixir\desktop\college stuff\gamesengineering2\game_engineering_project_06(processes)\command\x64\debug\source.obj
c:\users\pixir\desktop\college stuff\gamesengineering2\game_engineering_project_04(ecm)\x64\debug\game_engineering_project.exe
c:\users\pixir\desktop\college stuff\gamesengineering2\game_engineering_project_04(ecm)\x64\debug\game_engineering_project.ilk
c:\users\pixir\desktop\college stuff\gamesengineering2\game_engineering_project_04(ecm)\x64\debug\game_engineering_project.pdb
c:\users\pixir\desktop\college stuff\gamesengineering2\game_engineering_project_05(utest)\x64\debug\game_engineering_project.exe
c:\users\pixir\desktop\college stuff\gamesengineering2\game_engineering_project_05(utest)\x64\debug\game_engineering_project.ilk
c:\users\pixir\desktop\college stuff\gamesengineering2\game_engineering_project_05(utest)\x64\debug\game_engineering_project.pdb
c:\users\pixir\desktop\college stuff\gamesengineering2\game_engineering_project_06(processes)\command\x64\debug\game_engineering_project.exe
c:\users\pixir\desktop\college stuff\gamesengineering2\game_engineering_project_06(processes)\command\x64\debug\game_engineering_project.ilk
c:\users\pixir\desktop\college stuff\gamesengineering2\game_engineering_project_06(processes)\command\x64\debug\game_engineering_project.pdb
c:\users\pixir\desktop\college stuff\gamesengineering2\game_engineering_project_06(processes)\command\x64\debug\aisystem.obj
c:\users\pixir\desktop\college stuff\gamesengineering2\game_engineering_project_06(processes)\command\x64\debug\controlcomponent.obj
c:\users\pixir\desktop\college stuff\gamesengineering2\game_engineering_project_06(processes)\command\x64\debug\controlsystem.obj
c:\users\pixir\desktop\college stuff\gamesengineering2\game_engineering_project_06(processes)\command\x64\debug\entity.obj
c:\users\pixir\desktop\college stuff\gamesengineering2\game_engineering_project_06(processes)\command\x64\debug\healthcomponent.obj
c:\users\pixir\desktop\college stuff\gamesengineering2\game_engineering_project_06(processes)\command\x64\debug\healthsystem.obj
c:\users\pixir\desktop\college stuff\gamesengineering2\game_engineering_project_06(processes)\command\x64\debug\inputhandler.obj
c:\users\pixir\desktop\college stuff\gamesengineering2\game_engineering_project_06(processes)\command\x64\debug\main.obj
c:\users\pixir\desktop\college stuff\gamesengineering2\game_engineering_project_06(processes)\command\x64\debug\rendersystem.obj
c:\users\pixir\desktop\college stuff\gamesengineering2\game_engineering_project_06(processes)\command\x64\debug\source.obj.enc
c:\users\pixir\desktop\college stuff\gamesengineering2\game_engineering_project_06(processes)\command\x64\debug\test.ilk
c:\users\pixir\desktop\college stuff\gamesengineering2\game_engineering_project_06(processes)\command\x64\debug\test.pdb
c:\users\pixir\desktop\college stuff\gamesengineering2\game_engineering_project_06(processes)\command\x64\debug\game_eng.00c3324a.tlog\cl.command.1.tlog
c:\users\pixir\desktop\college stuff\gamesengineering2\game_engineering_project_06(processes)\command\x64\debug\game_eng.00c3324a.tlog\cl.read.1.tlog
c:\users\pixir\desktop\college stuff\gamesengineering2\game_engineering_project_06(processes)\command\x64\debug\game_eng.00c3324a.tlog\cl.write.1.tlog
c:\users\pixir\desktop\college stuff\gamesengineering2\game_engineering_project_06(processes)\command\x64\debug\game_eng.00c3324a.tlog\link.command.1.tlog
c:\users\pixir\desktop\college stuff\gamesengineering2\game_engineering_project_06(processes)\command\x64\debug\game_eng.00c3324a.tlog\link.read.1.tlog
c:\users\pixir\desktop\college stuff\gamesengineering2\game_engineering_project_06(processes)\command\x64\debug\game_eng.00c3324a.tlog\link.write.1.tlog
