c:\users\jayden quinn\desktop\gamesengineering2\game_engineering_project_ambush\x64\debug\vc141.pdb
c:\users\jayden quinn\desktop\gamesengineering2\game_engineering_project_ambush\x64\debug\vc141.idb
c:\users\jayden quinn\desktop\gamesengineering2\game_engineering_project_ambush\x64\debug\wall.obj
c:\users\jayden quinn\desktop\gamesengineering2\game_engineering_project_ambush\x64\debug\threadpoolsdl.obj
c:\users\jayden quinn\desktop\gamesengineering2\game_engineering_project_ambush\x64\debug\rectangle.obj
c:\users\jayden quinn\desktop\gamesengineering2\game_engineering_project_ambush\x64\debug\player.obj
c:\users\jayden quinn\desktop\gamesengineering2\game_engineering_project_ambush\x64\debug\main.obj
c:\users\jayden quinn\desktop\gamesengineering2\game_engineering_project_ambush\x64\debug\inputmanager.obj
c:\users\jayden quinn\desktop\gamesengineering2\game_engineering_project_ambush\x64\debug\game_engineering_project.exe
c:\users\jayden quinn\desktop\gamesengineering2\game_engineering_project_ambush\x64\debug\game_engineering_project.ilk
c:\users\jayden quinn\desktop\gamesengineering2\game_engineering_project_ambush\x64\debug\game_engineering_project.pdb
c:\users\jayden quinn\desktop\gamesengineering2\game_engineering_project_ambush\x64\debug\aisystem.obj
c:\users\jayden quinn\desktop\gamesengineering2\game_engineering_project_ambush\x64\debug\controlcomponent.obj
c:\users\jayden quinn\desktop\gamesengineering2\game_engineering_project_ambush\x64\debug\controlsystem.obj
c:\users\jayden quinn\desktop\gamesengineering2\game_engineering_project_ambush\x64\debug\entity.obj
c:\users\jayden quinn\desktop\gamesengineering2\game_engineering_project_ambush\x64\debug\healthcomponent.obj
c:\users\jayden quinn\desktop\gamesengineering2\game_engineering_project_ambush\x64\debug\healthsystem.obj
c:\users\jayden quinn\desktop\gamesengineering2\game_engineering_project_ambush\x64\debug\inputhandler.obj
c:\users\jayden quinn\desktop\gamesengineering2\game_engineering_project_ambush\x64\debug\rendersystem.obj
c:\users\jayden quinn\desktop\gamesengineering2\game_engineering_project_ambush\x64\debug\test.ilk
c:\users\jayden quinn\desktop\gamesengineering2\game_engineering_project_ambush\x64\debug\test.pdb
c:\users\jayden quinn\desktop\gamesengineering2\game_engineering_project_ambush\x64\debug\game_eng.00c3324a.tlog\cl.command.1.tlog
c:\users\jayden quinn\desktop\gamesengineering2\game_engineering_project_ambush\x64\debug\game_eng.00c3324a.tlog\cl.read.1.tlog
c:\users\jayden quinn\desktop\gamesengineering2\game_engineering_project_ambush\x64\debug\game_eng.00c3324a.tlog\cl.write.1.tlog
c:\users\jayden quinn\desktop\gamesengineering2\game_engineering_project_ambush\x64\debug\game_eng.00c3324a.tlog\link.command.1.tlog
c:\users\jayden quinn\desktop\gamesengineering2\game_engineering_project_ambush\x64\debug\game_eng.00c3324a.tlog\link.read.1.tlog
c:\users\jayden quinn\desktop\gamesengineering2\game_engineering_project_ambush\x64\debug\game_eng.00c3324a.tlog\link.write.1.tlog
